"../../../Engine/Content/ArtTools/RenderToTexture/Enums/RenderToTexture_Enum.uasset" 0
"../../../Engine/Content/ArtTools/RenderToTexture/Enums/RenderToTexture_Flipbook_Enum.uasset" 1
"../../../Engine/Content/ArtTools/RenderToTexture/Enums/RenderToTexture_Imposter_Enum.uasset" 2
"../../../Engine/Content/ArtTools/RenderToTexture/Enums/EIntTypes.uasset" 3
"../../../Engine/Content/EditorBlueprintResources/StandardMacros.uasset" 4
"../../../Engine/Content/ArtTools/RenderToTexture/Macros/RenderToTextureFunctionLibrary.uasset" 5
"../../../Engine/Content/ArtTools/RenderToTexture/Enums/EFloatTypes.uasset" 6
"../../../Engine/Content/ArtTools/RenderToTexture/Macros/RenderToTextureMacros.uasset" 7
"../../../Engine/Content/EngineMaterials/T_Default_Material_Grid_N.uasset" 8
"../../../Engine/Content/EngineMaterials/T_Default_Material_Grid_M.uasset" 9
"../../../Engine/Content/Functions/Engine_MaterialFunctions01/Opacity/CameraDepthFade.uasset" 10
"../../../Engine/Content/EngineMaterials/WorldGridMaterial.uasset" 11
"../../../Engine/Content/ArtTools/RenderToTexture/Meshes/S_1_Unit_Plane.uasset" 12
"../../../Engine/Content/EngineMaterials/DefaultMaterial.uasset" 13
"../../../Engine/Content/BasicShapes/Cone.uasset" 14
"../../../Engine/Content/BasicShapes/Sphere.uasset" 15
"../../../Engine/Content/EngineMaterials/DefaultPhysicalMaterial.uasset" 16
"../../../Engine/Content/BufferVisualization/AmbientOcclusion.uasset" 17
"../../../Engine/Content/Functions/Engine_MaterialFunctions02/Utility/AppendMany.uasset" 18
"../../../Engine/Content/BufferVisualization/Anisotropy.uasset" 19
"../../../Engine/Content/BufferVisualization/BaseColor.uasset" 20
"../../../Engine/Content/BufferVisualization/CustomDepth.uasset" 21
"../../../Engine/Content/Functions/Engine_MaterialFunctions02/Utility/VectorLength.uasset" 22
"../../../Engine/Content/BufferVisualization/CustomDepthWorldUnits.uasset" 23
"../../../Engine/Content/Functions/Engine_MaterialFunctions02/Utility/BreakOutFloat2Components.uasset" 24
"../../../Engine/Content/Functions/Engine_MaterialFunctions01/Texturing/ScaleUVsByCenter.uasset" 25
"../../../Engine/Content/EngineMaterials/MiniFont.uasset" 26
"../../../Engine/Content/Functions/Engine_MaterialFunctions02/Utility/MakeFloat3.uasset" 27
"../../../Engine/Content/Functions/Engine_MaterialFunctions02/Utility/MakeFloat2.uasset" 28
"../../../Engine/Content/Functions/Engine_MaterialFunctions02/ScreenResolution.uasset" 29
"../../../Engine/Content/Functions/Engine_MaterialFunctions02/Texturing/ScreenAlignedUVs.uasset" 30
"../../../Engine/Content/BufferVisualization/CustomStencil.uasset" 31
"../../../Engine/Content/BufferVisualization/FinalImage.uasset" 32
"../../../Engine/Content/BufferVisualization/LightingModel.uasset" 33
"../../../Engine/Content/BufferVisualization/MaterialAO.uasset" 34
"../../../Engine/Content/BufferVisualization/Metallic.uasset" 35
"../../../Engine/Content/BufferVisualization/Opacity.uasset" 36
"../../../Engine/Content/BufferVisualization/PostTonemapHDRColor.uasset" 37
"../../../Engine/Content/BufferVisualization/PreTonemapHDRColor.uasset" 38
"../../../Engine/Content/BufferVisualization/Roughness.uasset" 39
"../../../Engine/Content/BufferVisualization/SceneColor.uasset" 40
"../../../Engine/Content/BufferVisualization/SceneDepth.uasset" 41
"../../../Engine/Content/BufferVisualization/SceneDepthWorldUnits.uasset" 42
"../../../Engine/Content/BufferVisualization/SeparateTranslucencyA.uasset" 43
"../../../Engine/Content/BufferVisualization/SeparateTranslucencyRGB.uasset" 44
"../../../Engine/Content/BufferVisualization/Specular.uasset" 45
"../../../Engine/Content/BufferVisualization/SubsurfaceColor.uasset" 46
"../../../Engine/Content/BufferVisualization/Velocity.uasset" 47
"../../../Engine/Content/BufferVisualization/WorldNormal.uasset" 48
"../../../Engine/Content/BufferVisualization/WorldTangent.uasset" 49
"../../../Engine/Content/EditorBlueprintResources/ActorMacros.uasset" 50
"../../../Engine/Content/EditorLandscapeResources/DataLayer.uasset" 51
"../../../Engine/Content/EditorLandscapeResources/DefaultAlphaTexture.uasset" 52
"../../../Engine/Content/EditorLandscapeResources/LandscapeGizmoHeight_Mat.uasset" 53
"../../../Engine/Content/EditorLandscapeResources/LandscapeGizmo_Mat.uasset" 54
"../../../Engine/Content/EditorLandscapeResources/LandscapeGizmo_Mat_Copied.uasset" 55
"../../../Engine/Content/EditorLandscapeResources/SplineEditorMeshMat.uasset" 56
"../../../Engine/Content/EditorLandscapeResources/SplineEditorMesh.uasset" 57
"../../../Engine/Content/EditorMaterials/Cross.uasset" 58
"../../../Engine/Content/EditorMaterials/Cross_Mat.uasset" 59
"../../../Engine/Content/EditorResources/T_EditorHelp.uasset" 60
"../../../Engine/Content/Functions/Engine_MaterialFunctions02/ExampleContent/Textures/DebugNumberPeriod.uasset" 61
"../../../Engine/Content/Functions/Engine_MaterialFunctions02/ExampleContent/DebugNumberStrip.uasset" 62
"../../../Engine/Content/EngineMaterials/DefaultDiffuse.uasset" 63
"../../../Engine/Content/Functions/Engine_MaterialFunctions01/Texturing/TextureCropping.uasset" 64
"../../../Engine/Content/Functions/Engine_MaterialFunctions01/Texturing/ComputeMipLevel.uasset" 65
"../../../Engine/Content/Functions/Engine_MaterialFunctions02/Utility/DebugScalarValues.uasset" 66
"../../../Engine/Content/Functions/Engine_MaterialFunctions02/Utility/DebugFloat2Values.uasset" 67
"../../../Engine/Content/Functions/Engine_MaterialFunctions02/ExampleContent/Textures/flipbook.uasset" 68
"../../../Engine/Content/Functions/Engine_MaterialFunctions02/Texturing/FlipBook.uasset" 69
"../../../Engine/Content/Functions/Engine_MaterialFunctions02/Utility/Sign.uasset" 70
"../../../Engine/Content/Functions/Engine_MaterialFunctions02/Utility/Round.uasset" 71
"../../../Engine/Content/EditorMaterials/HelpActorMaterial.uasset" 72
"../../../Engine/Content/Functions/Engine_MaterialFunctions03/Procedurals/ComputeFilterWidth.uasset" 73
"../../../Engine/Content/EngineMaterials/BlendFunc_DefBlend.uasset" 74
"../../../Engine/Content/EngineMaterials/BlendFunc_DefBase.uasset" 75
"../../../Engine/Content/Functions/Engine_MaterialFunctions03/Blends/Blend_Screen.uasset" 76
"../../../Engine/Content/EditorMaterials/TilingAALineIntegral.uasset" 77
"../../../Engine/Content/EditorMaterials/TilingAALineBoxFiltered.uasset" 78
"../../../Engine/Content/EditorMaterials/TilingAAGrid.uasset" 79
"../../../Engine/Content/EditorMaterials/TilingAADots.uasset" 80
"../../../Engine/Content/EditorMaterials/CompositeARGBLayer.uasset" 81
"../../../Engine/Content/EditorMaterials/LevelGridMaterial.uasset" 82
"../../../Engine/Content/EditorResources/LevelGrid1DStripes.uasset" 83
"../../../Engine/Content/EditorMaterials/TextureGridCascaded1D.uasset" 84
"../../../Engine/Content/EditorMaterials/TextureGridCascaded2D.uasset" 85
"../../../Engine/Content/EditorMaterials/MakeCompositeARGBLayer.uasset" 86
"../../../Engine/Content/EditorMaterials/LevelGridMaterial2.uasset" 87
"../../../Engine/Content/EditorMaterials/MAT_Groups_Toggle.uasset" 88
"../../../Engine/Content/EditorMaterials/MAT_Groups_Visibility.uasset" 89
"../../../Engine/Content/EditorMaterials/AntialiasedGridFloor.uasset" 90
"../../../Engine/Content/EngineMaterials/Grid.uasset" 91
"../../../Engine/Content/EditorResources/TilePatine_N.uasset" 92
"../../../Engine/Content/EditorResources/TilePatine_D.uasset" 93
"../../../Engine/Content/EditorMaterials/PersonaFloorMat.uasset" 94
"../../../Engine/Content/EditorMaterials/PhAT_BoneSelectedMaterial.uasset" 95
"../../../Engine/Content/EditorMaterials/PhAT_ElemSelectedMaterial.uasset" 96
"../../../Engine/Content/EditorMaterials/PhAT_NoCollisionMaterial.uasset" 97
"../../../Engine/Content/EditorMaterials/PhAT_UnselectedMaterial.uasset" 98
"../../../Engine/Content/EditorMaterials/PreviewShadowIndicator.uasset" 99
"../../../Engine/Content/EditorMaterials/PreviewShadowIndicatorMaterial.uasset" 100
"../../../Engine/Content/EditorMaterials/TargetIcon.uasset" 101
"../../../Engine/Content/EditorMaterials/Tick.uasset" 102
"../../../Engine/Content/EditorMaterials/Tick_Mat.uasset" 103
"../../../Engine/Content/EditorMaterials/WidgetGridVertexColorMaterial.uasset" 104
"../../../Engine/Content/EditorMaterials/WidgetGridVertexColorMaterial_Ma.uasset" 105
"../../../Engine/Content/EditorMaterials/WidgetMaterial.uasset" 106
"../../../Engine/Content/EditorMaterials/WidgetMaterial_Current.uasset" 107
"../../../Engine/Content/EditorMaterials/WidgetMaterial_X.uasset" 108
"../../../Engine/Content/EditorMaterials/WidgetMaterial_Y.uasset" 109
"../../../Engine/Content/EditorMaterials/WidgetMaterial_Z.uasset" 110
"../../../Engine/Content/EditorMaterials/WidgetVertexColorMaterial.uasset" 111
"../../../Engine/Content/EditorMaterials/MatineeGroups/MAT_ColorTrack.uasset" 112
"../../../Engine/Content/EditorMaterials/MatineeGroups/MAT_Groups_Anim.uasset" 113
"../../../Engine/Content/EditorMaterials/MatineeGroups/MAT_Groups_AudioMaster.uasset" 114
"../../../Engine/Content/EditorMaterials/MatineeGroups/MAT_Groups_Director.uasset" 115
"../../../Engine/Content/EditorMaterials/MatineeGroups/MAT_Groups_Event.uasset" 116
"../../../Engine/Content/EditorMaterials/MatineeGroups/MAT_Groups_Fade.uasset" 117
"../../../Engine/Content/EditorMaterials/MatineeGroups/MAT_Groups_Float.uasset" 118
"../../../Engine/Content/EditorMaterials/MatineeGroups/MAT_Groups_Move.uasset" 119
"../../../Engine/Content/EditorMaterials/MatineeGroups/MAT_Groups_Slomo.uasset" 120
"../../../Engine/Content/EditorMaterials/MatineeGroups/MAT_Groups_Sound.uasset" 121
"../../../Engine/Content/EditorMaterials/MatineeGroups/MAT_Groups_Vector.uasset" 122
"../../../Engine/Content/EditorMaterials/ParticleSystems/PSysThumbnail_NoImage.uasset" 123
"../../../Engine/Content/EditorMaterials/ParticleSystems/PSysThumbnail_OOD.uasset" 124
"../../../Engine/Content/EditorMaterials/Thumbnails/FloorPlaneMaterial.uasset" 125
"../../../Engine/Content/EditorMeshes/EditorCube.uasset" 126
"../../../Engine/Content/EditorMeshes/EditorCylinder.uasset" 127
"../../../Engine/Content/EditorMeshes/EditorPlane.uasset" 128
"../../../Engine/Content/EditorMaterials/Thumbnails/SkySphereMaterial.uasset" 129
"../../../Engine/Content/EditorMeshes/EditorSkySphere.uasset" 130
"../../../Engine/Content/EditorMeshes/EditorSphere.uasset" 131
"../../../Engine/Content/EditorResources/MatineeCam_D.uasset" 132
"../../../Engine/Content/EditorMaterials/MatineeCam_mat.uasset" 133
"../../../Engine/Content/EditorMeshes/MatineeCam_SM.uasset" 134
"../../../Engine/Content/Functions/Engine_MaterialFunctions01/Shading/ConvertFromDiffSpec.uasset" 135
"../../../Engine/Content/EditorMaterials/GridMaterial.uasset" 136
"../../../Engine/Content/EditorMeshes/PhAT_FloorBox.uasset" 137
"../../../Engine/Content/EditorMeshes/PlanarReflectionPlane.uasset" 138
"../../../Engine/Content/EngineDebugMaterials/M_SimpleOpaque.uasset" 139
"../../../Engine/Content/EditorMaterials/Camera/MI_CineMat_CamViewFinder.uasset" 140
"../../../Engine/Content/EditorMaterials/Camera/CineMat.uasset" 141
"../../../Engine/Content/EditorMaterials/Camera/MI_CineMat_CameraBody.uasset" 142
"../../../Engine/Content/EditorMeshes/Camera/SM_CineCam.uasset" 143
"../../../Engine/Content/EditorMaterials/Camera/MI_CineMat_Rig.uasset" 144
"../../../Engine/Content/EditorMeshes/Camera/SM_CraneRig_Arm.uasset" 145
"../../../Engine/Content/EditorMeshes/Camera/SM_CraneRig_Base.uasset" 146
"../../../Engine/Content/EditorMeshes/Camera/SM_CraneRig_Body.uasset" 147
"../../../Engine/Content/EditorMeshes/Camera/SM_CraneRig_Mount.uasset" 148
"../../../Engine/Content/EditorMeshes/Camera/SM_RailRig_Mount.uasset" 149
"../../../Engine/Content/EditorMeshes/Camera/SM_RailRig_Track.uasset" 150
"../../../Engine/Content/EditorMeshes/ColorCalibrator/M_ChromeBall.uasset" 151
"../../../Engine/Content/EditorResources/Bad.uasset" 152
"../../../Engine/Content/EditorResources/BSPVertex.uasset" 153
"../../../Engine/Content/EditorResources/EmptyActor.uasset" 154
"../../../Engine/Content/EditorResources/MatInstActSprite.uasset" 155
"../../../Engine/Content/EditorResources/SceneManager.uasset" 156
"../../../Engine/Content/EditorResources/SmallFont.uasset" 157
"../../../Engine/Content/EditorResources/S_Actor.uasset" 158
"../../../Engine/Content/EditorResources/S_CameraShakeSource.uasset" 159
"../../../Engine/Content/EditorResources/S_DecalActorIcon.uasset" 160
"../../../Engine/Content/EditorResources/S_Emitter.uasset" 161
"../../../Engine/Content/EditorResources/S_ExpoHeightFog.uasset" 162
"../../../Engine/Content/EditorResources/S_FTest.uasset" 163
"../../../Engine/Content/EditorResources/S_KBSJoint.uasset" 164
"../../../Engine/Content/EditorResources/S_KHinge.uasset" 165
"../../../Engine/Content/EditorResources/S_KPrismatic.uasset" 166
"../../../Engine/Content/EditorResources/S_LevelSequence.uasset" 167
"../../../Engine/Content/EditorResources/S_NavP.uasset" 168
"../../../Engine/Content/EditorResources/S_Note.uasset" 169
"../../../Engine/Content/EditorResources/S_Player.uasset" 170
"../../../Engine/Content/EditorResources/S_PortalActorIcon2.uasset" 171
"../../../Engine/Content/EditorResources/S_RadForce.uasset" 172
"../../../Engine/Content/EditorResources/S_ReflActorIcon.uasset" 173
"../../../Engine/Content/EditorResources/S_SkyAtmosphere.uasset" 174
"../../../Engine/Content/EditorResources/S_Solver.uasset" 175
"../../../Engine/Content/EditorResources/S_Terrain.uasset" 176
"../../../Engine/Content/EditorResources/S_TextRenderActorIcon.uasset" 177
"../../../Engine/Content/EditorResources/S_Thruster.uasset" 178
"../../../Engine/Content/EditorResources/S_Trigger.uasset" 179
"../../../Engine/Content/EditorResources/S_VectorFieldVol.uasset" 180
"../../../Engine/Content/EditorResources/S_VolumetricCloud.uasset" 181
"../../../Engine/Content/EditorResources/S_WindDirectional.uasset" 182
"../../../Engine/Content/EditorResources/AI/S_NavLink.uasset" 183
"../../../Engine/Content/EditorResources/LightIcons/SkyLight.uasset" 184
"../../../Engine/Content/EditorResources/LightIcons/S_LightDirectional.uasset" 185
"../../../Engine/Content/EditorResources/LightIcons/S_LightDirectionalMove.uasset" 186
"../../../Engine/Content/EditorResources/LightIcons/S_LightError.uasset" 187
"../../../Engine/Content/EditorResources/LightIcons/S_LightPoint.uasset" 188
"../../../Engine/Content/EditorResources/LightIcons/S_LightPointMove.uasset" 189
"../../../Engine/Content/EditorResources/LightIcons/S_LightSpot.uasset" 190
"../../../Engine/Content/EditorResources/LightIcons/S_LightSpotMove.uasset" 191
"../../../Engine/Content/EditorResources/SequenceRecorder/Countdown.uasset" 192
"../../../Engine/Content/EditorResources/SequenceRecorder/RecordingIndicator.uasset" 193
"../../../Engine/Content/EditorResources/Spline/T_Loft_Spline.uasset" 194
"../../../Engine/Content/EditorSounds/Notifications/CompileSuccess.uasset" 195
"../../../Engine/Content/EditorSounds/Notifications/CompileStart_Cue.uasset" 196
"../../../Engine/Content/EngineDamageTypes/DmgTypeBP_Environmental.uasset" 197
"../../../Engine/Content/EngineDebugMaterials/HeatmapGradient.uasset" 198
"../../../Engine/Content/EngineDebugMaterials/BoneWeightMaterial.uasset" 199
"../../../Engine/Content/EngineDebugMaterials/ClothMaterial.uasset" 200
"../../../Engine/Content/EngineDebugMaterials/ClothMaterial_WF.uasset" 201
"../../../Engine/Content/EngineDebugMaterials/DebugEditorMaterial.uasset" 202
"../../../Engine/Content/EngineDebugMaterials/DebugMeshMaterial.uasset" 203
"../../../Engine/Content/EngineDebugMaterials/GeomMaterial.uasset" 204
"../../../Engine/Content/EngineDebugMaterials/LevelColorationLitMaterial.uasset" 205
"../../../Engine/Content/EngineDebugMaterials/LevelColorationUnlitMaterial.uasset" 206
"../../../Engine/Content/EngineMaterials/DefaultWhiteGrid.uasset" 207
"../../../Engine/Content/EngineDebugMaterials/MAT_LevelColorationLitLightmapUV.uasset" 208
"../../../Engine/Content/EngineDebugMaterials/M_SimpleUnlitTranslucent.uasset" 209
"../../../Engine/Content/EngineMaterials/DefaultWhiteGrid_Low.uasset" 210
"../../../Engine/Content/EngineDebugMaterials/PhysicalMaterialMaskMaterial.uasset" 211
"../../../Engine/Content/EngineDebugMaterials/ShadedLevelColorationLitMaterial.uasset" 212
"../../../Engine/Content/EngineDebugMaterials/ShadedLevelColorationUnlitMateri.uasset" 213
"../../../Engine/Content/EngineDebugMaterials/VertexColorMaterial.uasset" 214
"../../../Engine/Content/EngineDebugMaterials/VertexColorViewMode_AlphaAsColor.uasset" 215
"../../../Engine/Content/EngineDebugMaterials/VertexColorViewMode_BlueOnly.uasset" 216
"../../../Engine/Content/EngineDebugMaterials/VertexColorViewMode_ColorOnly.uasset" 217
"../../../Engine/Content/EngineDebugMaterials/VertexColorViewMode_GreenOnly.uasset" 218
"../../../Engine/Content/EngineDebugMaterials/VertexColorViewMode_RedOnly.uasset" 219
"../../../Engine/Content/EngineDebugMaterials/WireframeMaterial.uasset" 220
"../../../Engine/Content/EngineFonts/Faces/RobotoRegular.uasset" 221
"../../../Engine/Content/EngineFonts/Faces/RobotoLight.uasset" 222
"../../../Engine/Content/EngineFonts/Faces/RobotoItalic.uasset" 223
"../../../Engine/Content/EngineFonts/Faces/RobotoBoldItalic.uasset" 224
"../../../Engine/Content/EngineFonts/Faces/RobotoBold.uasset" 225
"../../../Engine/Content/EngineFonts/Faces/DroidSansFallback.uasset" 226
"../../../Engine/Content/EngineFonts/Roboto.uasset" 227
"../../../Engine/Content/EngineFonts/Faces/RobotoTiny.uasset" 228
"../../../Engine/Content/EngineFonts/RobotoTiny.uasset" 229
"../../../Engine/Content/EngineFonts/SmallFont.uasset" 230
"../../../Engine/Content/EngineFonts/TinyFont.uasset" 231
"../../../Engine/Content/EngineMaterials/BaseFlattenNormalMap.uasset" 232
"../../../Engine/Content/EngineMaterials/BaseFlattenGrayscaleMap.uasset" 233
"../../../Engine/Content/EngineMaterials/BaseFlattenEmissiveMap.uasset" 234
"../../../Engine/Content/EngineMaterials/BaseFlattenDiffuseMap.uasset" 235
"../../../Engine/Content/EngineMaterials/BaseFlattenMaterial.uasset" 236
"../../../Engine/Content/EngineResources/WhiteSquareTexture.uasset" 237
"../../../Engine/Content/EngineMaterials/BlinkingCaret.uasset" 238
"../../../Engine/Content/EngineMaterials/BlueNoise.uasset" 239
"../../../Engine/Content/EngineMaterials/DefaultBloomKernel.uasset" 240
"../../../Engine/Content/EngineMaterials/DefaultBokeh.uasset" 241
"../../../Engine/Content/EngineMaterials/DefaultDeferredDecalMaterial.uasset" 242
"../../../Engine/Content/EngineMaterials/DefaultLightFunctionMaterial.uasset" 243
"../../../Engine/Content/EngineMaterials/DefaultNormal.uasset" 244
"../../../Engine/Content/EngineMaterials/DefaultPostProcessMaterial.uasset" 245
"../../../Engine/Content/EngineFonts/RobotoDistanceField.uasset" 246
"../../../Engine/Content/EngineMaterials/DefaultTextMaterialOpaque.uasset" 247
"../../../Engine/Content/EngineMaterials/EditorBrushMaterial.uasset" 248
"../../../Engine/Content/EngineMaterials/EmissiveMeshMaterial.uasset" 249
"../../../Engine/Content/EngineMaterials/GizmoMaterial.uasset" 250
"../../../Engine/Content/EngineMaterials/Good64x64TilingNoiseHighFreq.uasset" 251
"../../../Engine/Content/EngineMaterials/Grid_N.uasset" 252
"../../../Engine/Content/EngineMaterials/HighResolutionScreenshotMaskFunction.uasset" 253
"../../../Engine/Content/EngineMaterials/HighResScreenshot.uasset" 254
"../../../Engine/Content/EngineMaterials/HighResScreenshotCaptureRegion.uasset" 255
"../../../Engine/Content/EngineMaterials/HighResScreenshotMask.uasset" 256
"../../../Engine/Content/EngineMaterials/LandscapeHolePhysicalMaterial.uasset" 257
"../../../Engine/Content/EngineMaterials/InvalidLightmapSettings.uasset" 258
"../../../Engine/Content/EngineMaterials/M_InvalidLightmapSettings.uasset" 259
"../../../Engine/Content/EngineMaterials/PaperDiffuse.uasset" 260
"../../../Engine/Content/EngineMaterials/PaperNormal.uasset" 261
"../../../Engine/Content/Functions/Engine_MaterialFunctions02/WorldPositionOffset/CameraOffset.uasset" 262
"../../../Engine/Content/EngineMaterials/PhAT_JointLimitMaterial.uasset" 263
"../../../Engine/Content/EngineMaterials/PhysMat_Rubber.uasset" 264
"../../../Engine/Content/EngineMaterials/PreintegratedSkinBRDF.uasset" 265
"../../../Engine/Content/EngineMaterials/RemoveSurfaceMaterial.uasset" 266
"../../../Engine/Content/Functions/Engine_MaterialFunctions01/ImageAdjustment/sRGBToLinear.uasset" 267
"../../../Engine/Content/Functions/Engine_MaterialFunctions02/Utility/BreakOutFloat3Components.uasset" 268
"../../../Engine/Content/EngineMaterials/Widget3DCameraPassThrough_Opaque_OneSided.uasset" 269
"../../../Engine/Content/EngineMaterials/Widget3DPassThrough.uasset" 270
"../../../Engine/Content/EngineMaterials/Widget3DPassThrough_Masked.uasset" 271
"../../../Engine/Content/EngineMaterials/Widget3DPassThrough_Opaque.uasset" 272
"../../../Engine/Content/EngineMaterials/Widget3DPassThrough_Masked_OneSided.uasset" 273
"../../../Engine/Content/EngineMaterials/Widget3DPassThrough_Opaque_OneSided.uasset" 274
"../../../Engine/Content/EngineMaterials/Widget3DPassThrough_Translucent.uasset" 275
"../../../Engine/Content/EngineMaterials/Widget3DPassThrough_Translucent_OneSided.uasset" 276
"../../../Engine/Content/EngineMeshes/Cylinder.uasset" 277
"../../../Engine/Content/EngineMeshes/Sphere.uasset" 278
"../../../Engine/Content/EngineResources/Black.uasset" 279
"../../../Engine/Content/EngineResources/DefaultTextureCube.uasset" 280
"../../../Engine/Content/EngineResources/DefaultVolumeTexture2D.uasset" 281
"../../../Engine/Content/EngineResources/DefaultVolumeTexture.uasset" 282
"../../../Engine/Content/EngineResources/GradientTexture0.uasset" 283
"../../../Engine/Content/EngineResources/StreamingPauseIcon.uasset" 284
"../../../Engine/Content/EngineResources/M_StreamingPause.uasset" 285
"../../../Engine/Content/EngineSky/VolumetricClouds/T_NoiseShape64.uasset" 286
"../../../Engine/Content/EngineSky/VolumetricClouds/T_VolumeNoiseShape64.uasset" 287
"../../../Engine/Content/EngineSky/VolumetricClouds/T_NoiseErosion.uasset" 288
"../../../Engine/Content/EngineSky/VolumetricClouds/T_VolumeNoiseErosion32.uasset" 289
"../../../Engine/Content/EngineSky/VolumetricClouds/CloudWeatherTexture.uasset" 290
"../../../Engine/Content/EngineSky/VolumetricClouds/CloudGradientTexture.uasset" 291
"../../../Engine/Content/EngineSky/VolumetricClouds/m_SimpleVolumetricCloud.uasset" 292
"../../../Engine/Content/EngineSky/VolumetricClouds/m_SimpleVolumetricCloud_Inst.uasset" 293
"../../../Engine/Content/EngineSounds/Master.uasset" 294
"../../../Engine/Content/EngineDebugMaterials/VolumeToRender.uasset" 295
"../../../Engine/Content/Functions/Engine_MaterialFunctions02/Utility/CameraDirectionVector.uasset" 296
"../../../Engine/Content/EngineDebugMaterials/M_VolumeRenderSphereTracePP.uasset" 297
"../../../Engine/Content/Functions/Engine_MaterialFunctions01/Shading/PowerToRoughness.uasset" 298
"../../../Engine/Content/Maps/Templates/Thumbnails/Default.uasset" 299
"../../../Engine/Content/Maps/Templates/Thumbnails/TimeOfDay.uasset" 300
"../../../Engine/Content/Maps/Templates/Thumbnails/VR-Basic.uasset" 301
"../../../Engine/Content/MapTemplates/Sky/DaylightAmbientCubemap.uasset" 302
"../../../Engine/Content/MobileResources/T_MobileControls_texture.uasset" 303
"../../../Engine/Content/MobileResources/T_MobileMenu2.uasset" 304
"../../../Engine/Content/MobileResources/HUD/AnalogHat.uasset" 305
"../../../Engine/Content/MobileResources/HUD/VirtualJoystick_Thumb.uasset" 306
"../../../Engine/Content/MobileResources/HUD/VirtualJoystick_Background.uasset" 307
"../../../Engine/Content/MobileResources/HUD/DefaultVirtualJoysticks.uasset" 308
"../../../Engine/Content/MobileResources/HUD/LeftVirtualJoystickOnly.uasset" 309
"../../../Engine/Content/MobileResources/HUD/MobileHUDButton1_off.uasset" 310
"../../../Engine/Content/MobileResources/HUD/MobileHUDButton1_on.uasset" 311
"../../../Engine/Content/MobileResources/HUD/MobileHUDButton2_off.uasset" 312
"../../../Engine/Content/MobileResources/HUD/MobileHUDButton2_on.uasset" 313
"../../../Engine/Content/MobileResources/HUD/MobileHUDButton3.uasset" 314
"../../../Engine/Content/MobileResources/HUD/MobileHUDButtonFire.uasset" 315
"../../../Engine/Content/MobileResources/HUD/MobileHUDDirectionPad.uasset" 316
"../../../Engine/Content/MobileResources/HUD/MobileHUDDirectionPad2.uasset" 317
"../../../Engine/Content/MobileResources/HUD/MobileHUDDirectionPad3.uasset" 318
"../../../Engine/Content/MobileResources/HUD/MobileHUDDirectionStick.uasset" 319
"../../../Engine/Content/MobileResources/HUD/T_Castle_ThumbstickInner.uasset" 320
"../../../Engine/Content/MobileResources/HUD/T_Castle_ThumbstickOutter.uasset" 321
"../../../Engine/Content/Tutorial/ContentIntroCurve.uasset" 322
"../../../Engine/Content/Tutorial/Basics/LevelEditorAttract.uasset" 323
"../../../Engine/Content/Tutorial/Basics/TutorialAssets/icon_tab_Levels_40x.uasset" 324
"../../../Engine/Content/Tutorial/Basics/LevelEditorOverview.uasset" 325
"../../../Engine/Content/Tutorial/BlueprintTutorials/TutorialAssets/Blueprint_64x.uasset" 326
"../../../Engine/Content/Tutorial/BlueprintTutorials/BlueprintEditorTutorial.uasset" 327
"../../../Engine/Content/Tutorial/BlueprintTutorials/TutorialAssets/Tutorial_BP_MacroLib.uasset" 328
"../../../Engine/Content/VREditor/TransformGizmo/TranslucentTransformGizmoMaterial.uasset" 329
"../../../Engine/Content/VREditor/LaserPointer/VR_LaserPower_01.uasset" 330
"../../../Engine/Content/VREditor/TransformGizmo/TransformGizmoMaterial.uasset" 331
"../../../Engine/Content/VREditor/TransformGizmo/BoundingBoxCorner.uasset" 332
"../../../Engine/Content/VREditor/TransformGizmo/BoundingBoxEdge.uasset" 333
"../../../Engine/Content/VREditor/TransformGizmo/PlaneTranslationHandle.uasset" 334
"../../../Engine/Content/VREditor/TransformGizmo/Xray.uasset" 335
"../../../Engine/Content/VREditor/TransformGizmo/Main.uasset" 336
"../../../Engine/Content/VREditor/TransformGizmo/SM_Sequencer_Key.uasset" 337
"../../../Engine/Content/VREditor/TransformGizmo/SM_Sequencer_Node.uasset" 338
"../../Plugins/2D/Paper2D/Content/PlaceholderTextures/DummySpriteTexture.uasset" 339
"../../Plugins/2D/Paper2D/Content/DummySprite.uasset" 340
"../../Plugins/2D/Paper2D/Content/DefaultPaperTerrainMaterial.uasset" 341
"../../Plugins/2D/Paper2D/Content/DefaultSpriteMaterial.uasset" 342
"../../Plugins/2D/Paper2D/Content/MaskedUnlitSpriteMaterial.uasset" 343
"../../Plugins/2D/Paper2D/Content/OpaqueUnlitSpriteMaterial.uasset" 344
"../../Plugins/Editor/SpeedTreeImporter/Content/SpeedTree9/UnpackInteger3.uasset" 345
"../../Plugins/Editor/SpeedTreeImporter/Content/SpeedTree9/UnpackDirection.uasset" 346
"../../Plugins/Editor/SpeedTreeImporter/Content/SpeedTree9/game_wind_noise.uasset" 347
"../../../Engine/Content/Functions/Engine_MaterialFunctions02/SafeNormalize.uasset" 348
"../../Plugins/Editor/SpeedTreeImporter/Content/SpeedTree9/SpeedTreeWindMotion.uasset" 349
"../../Plugins/Editor/SpeedTreeImporter/Content/SpeedTree9/SpeedTreeBranchMotion.uasset" 350
"../../../Engine/Content/Functions/Engine_MaterialFunctions02/ObjectLocalBounds.uasset" 351
"../../../Engine/Content/Functions/Engine_MaterialFunctions02/UVs/BoundingBoxBased_0-1_UVW.uasset" 352
"../../Plugins/Editor/SpeedTreeImporter/Content/SpeedTree9/SpeedTreeWind.uasset" 353
"../../Plugins/Editor/SpeedTreeImporter/Content/SpeedTree9/SpeedTreeBillboard.uasset" 354
"../../../Engine/Content/EngineResources/DefaultTexture.uasset" 355
"../../Plugins/Editor/SpeedTreeImporter/Content/SpeedTree9/SpeedTreeBillboardMaster.uasset" 356
"../../Plugins/Editor/SpeedTreeImporter/Content/SpeedTree9/SpeedTreeCameraFacing.uasset" 357
"../../Plugins/Editor/SpeedTreeImporter/Content/SpeedTree9/SpeedTreeMaster.uasset" 358
"../../Plugins/FX/Niagara/Content/Enums/ENiagaraAnimTrailWidthMode.uasset" 359
"../../Plugins/FX/Niagara/Content/Enums/ENiagaraArraySamplingMode.uasset" 360
"../../Plugins/FX/Niagara/Content/Enums/ENiagaraBoneSamplingMode.uasset" 361
"../../Plugins/FX/Niagara/Content/Enums/ENiagaraBoneSocketSamplingMode.uasset" 362
"../../Plugins/FX/Niagara/Content/Enums/ENiagaraBooleanLogicOps.uasset" 363
"../../Plugins/FX/Niagara/Content/Enums/ENiagaraBooleanLogicOps_v2.uasset" 364
"../../Plugins/FX/Niagara/Content/Enums/ENiagaraCalculateRadiusOptions.uasset" 365
"../../Plugins/FX/Niagara/Content/Enums/ENiagaraChannelCorrelation.uasset" 366
"../../Plugins/FX/Niagara/Content/Enums/ENiagaraCollisionRadiusOptions.uasset" 367
"../../Plugins/FX/Niagara/Content/Enums/ENiagaraCoordinateSpace.uasset" 368
"../../Plugins/FX/Niagara/Content/Enums/ENiagaraCurlNoiseQuality.uasset" 369
"../../Plugins/FX/Niagara/Content/Enums/ENiagaraEmitterLifeCycleMode.uasset" 370
"../../Plugins/FX/Niagara/Content/Enums/ENiagaraEmitterScalabilityMode.uasset" 371
"../../Plugins/FX/Niagara/Content/Enums/ENiagaraEmitterScalabilityMode_Limited.uasset" 372
"../../Plugins/FX/Niagara/Content/Enums/ENiagaraExecutionStateManagement.uasset" 373
"../../Plugins/FX/Niagara/Content/Enums/ENiagaraExpansionMode.uasset" 374
"../../Plugins/FX/Niagara/Content/Enums/ENiagaraFrictionMergeType.uasset" 375
"../../Plugins/FX/Niagara/Content/Enums/ENiagaraGPUDepthResponseType.uasset" 376
"../../Plugins/FX/Niagara/Content/Enums/ENiagaraGridPlacementType.uasset" 377
"../../Plugins/FX/Niagara/Content/Enums/ENiagaraInactiveMode.uasset" 378
"../../Plugins/FX/Niagara/Content/Enums/ENiagaraKillVolumeOptions.uasset" 379
"../../Plugins/FX/Niagara/Content/Enums/ENiagaraLinearColor_Channels.uasset" 380
"../../Plugins/FX/Niagara/Content/Enums/ENiagaraMassByVolume.uasset" 381
"../../Plugins/FX/Niagara/Content/Enums/ENiagaraMassCalculationForRendererTypes.uasset" 382
"../../Plugins/FX/Niagara/Content/Enums/ENiagaraMeshOrSprite.uasset" 383
"../../Plugins/FX/Niagara/Content/Enums/ENiagaraMeshSamplingMode.uasset" 384
"../../Plugins/FX/Niagara/Content/Enums/ENiagaraMeshSurfaceSamplingMode.uasset" 385
"../../Plugins/FX/Niagara/Content/Enums/ENiagaraMeshTransforms.uasset" 386
"../../Plugins/FX/Niagara/Content/Enums/ENiagaraMinOrMax.uasset" 387
"../../Plugins/FX/Niagara/Content/Enums/ENiagaraNumericVariableTypes.uasset" 388
"../../Plugins/FX/Niagara/Content/Enums/ENiagaraOrientationAxis.uasset" 389
"../../Plugins/FX/Niagara/Content/Enums/ENiagaraQuaternionDerivationTechnique.uasset" 390
"../../Plugins/FX/Niagara/Content/Enums/ENiagaraRandomnessEvaluation.uasset" 391
"../../Plugins/FX/Niagara/Content/Enums/ENiagaraRandomnessMode.uasset" 392
"../../Plugins/FX/Niagara/Content/Enums/ENiagaraRestitutionMergeType.uasset" 393
"../../Plugins/FX/Niagara/Content/Enums/ENiagaraScaleColorMode.uasset" 394
"../../Plugins/FX/Niagara/Content/Enums/ENiagaraSimulationTarget.uasset" 395
"../../Plugins/FX/Niagara/Content/Enums/ENiagaraSkeletalSpawning.uasset" 396
"../../Plugins/FX/Niagara/Content/Enums/ENiagaraSkelSamplingFilteringMode.uasset" 397
"../../Plugins/FX/Niagara/Content/Enums/ENiagaraSkelSamplingModeFull.uasset" 398
"../../Plugins/FX/Niagara/Content/Enums/ENiagaraSocketSamplingMode.uasset" 399
"../../Plugins/FX/Niagara/Content/Enums/ENiagaraSphereDistributionMode.uasset" 400
"../../Plugins/FX/Niagara/Content/Enums/ENiagaraSUbUVAnimationMode.uasset" 401
"../../Plugins/FX/Niagara/Content/Enums/ENiagaraSystemInactiveMode.uasset" 402
"../../Plugins/FX/Niagara/Content/Enums/ENiagaraTorusDistributionMode.uasset" 403
"../../Plugins/FX/Niagara/Content/Enums/ENiagaraTorusMode.uasset" 404
"../../Plugins/FX/Niagara/Content/Enums/ENiagaraTriangleSamplingMode.uasset" 405
"../../Plugins/FX/Niagara/Content/Enums/ENiagaraVector2_Channels.uasset" 406
"../../Plugins/FX/Niagara/Content/Enums/ENiagaraVector3_Channels.uasset" 407
"../../Plugins/FX/Niagara/Content/Enums/ENiagaraVector4_Channels.uasset" 408
"../../Plugins/FX/Niagara/Content/Enums/ENiagaraVertexFilteringMode.uasset" 409
"../../Plugins/FX/Niagara/Content/Enums/ENiagaraVertexSamplingMode.uasset" 410
"../../Plugins/FX/Niagara/Content/Enums/ENiagara_AudioParamType.uasset" 411
"../../Plugins/FX/Niagara/Content/Enums/ENiagara_BankOnTurns.uasset" 412
"../../Plugins/FX/Niagara/Content/Enums/ENiagara_CameraMeshOrientation.uasset" 413
"../../Plugins/FX/Niagara/Content/Enums/ENiagara_CameraProperties.uasset" 414
"../../Plugins/FX/Niagara/Content/Enums/ENiagara_CollisionType.uasset" 415
"../../Plugins/FX/Niagara/Content/Enums/ENiagara_ColorInitializationMode.uasset" 416
"../../Plugins/FX/Niagara/Content/Enums/ENiagara_CPUCollisionType.uasset" 417
"../../Plugins/FX/Niagara/Content/Enums/ENiagara_DirectReadApplicationMode.uasset" 418
"../../Plugins/FX/Niagara/Content/Enums/ENiagara_DirectReadParticleIDSampling.uasset" 419
"../../Plugins/FX/Niagara/Content/Enums/ENiagara_DirectReadSamplingMode.uasset" 420
"../../Plugins/FX/Niagara/Content/Enums/ENiagara_EmitterLocSamplingMode.uasset" 421
"../../Plugins/FX/Niagara/Content/Enums/ENiagara_EmitterStateOptions.uasset" 422
"../../Plugins/FX/Niagara/Content/Enums/ENiagara_FadeOperationType.uasset" 423
"../../Plugins/FX/Niagara/Content/Enums/ENiagara_Float4Channel.uasset" 424
"../../Plugins/FX/Niagara/Content/Enums/ENiagara_GPUCollisionType.uasset" 425
"../../Plugins/FX/Niagara/Content/Enums/ENiagara_IDAttributes.uasset" 426
"../../Plugins/FX/Niagara/Content/Enums/ENiagara_InfiniteLoopDuration.uasset" 427
"../../Plugins/FX/Niagara/Content/Enums/ENiagara_LifetimeInheritanceOptions.uasset" 428
"../../Plugins/FX/Niagara/Content/Enums/ENiagara_LifetimeMode.uasset" 429
"../../Plugins/FX/Niagara/Content/Enums/ENiagara_MassInitializationMode.uasset" 430
"../../Plugins/FX/Niagara/Content/Enums/ENiagara_MultipleLerpCount.uasset" 431
"../../Plugins/FX/Niagara/Content/Enums/ENiagara_PositionInitializationMode.uasset" 432
"../../Plugins/FX/Niagara/Content/Enums/ENiagara_RotationDefinitionApproach.uasset" 433
"../../Plugins/FX/Niagara/Content/Enums/ENiagara_SizeScaleMode.uasset" 434
"../../Plugins/FX/Niagara/Content/Enums/ENiagara_SpawnBurstMode.uasset" 435
"../../Plugins/FX/Niagara/Content/Enums/ENiagara_SpriteRotationMode.uasset" 436
"../../Plugins/FX/Niagara/Content/Enums/ENiagara_SubUVLookupMode.uasset" 437
"../../Plugins/FX/Niagara/Content/Enums/ENiagara_TransformBaseOptions.uasset" 438
"../../Plugins/FX/Niagara/Content/Enums/ENiagara_TransformMode.uasset" 439
"../../Plugins/FX/Niagara/Content/Enums/ENiagara_TransformOrientationMode.uasset" 440
"../../Plugins/FX/Niagara/Content/Enums/ENiagara_UVFlippingMode.uasset" 441
"../../Plugins/FX/Niagara/Content/Enums/Niagara_Units.uasset" 442
"../../Plugins/FX/Niagara/Content/Enums/CascadeConversion/ECascadeNiagaraOrbitChainMode.uasset" 443
"../../Plugins/FX/Niagara/Content/Enums/CascadeConversion/ECascadeNiagaraTwoVectorChannels.uasset" 444
"../../Plugins/FX/Niagara/Content/Icons/S_ParticleSystem.uasset" 445
"../../../Engine/Content/ArtTools/RenderToTexture/Materials/Debug/M_Emissive_Color.uasset" 446
"../../../Engine/Content/BasicShapes/Cylinder.uasset" 447
"../../Plugins/Lumin/MagicLeapPassableWorld/Content/MagicLeapARPinInfoActor.uasset" 448
"../../../Engine/Content/Functions/Engine_MaterialFunctions02/Utility/BreakOutFloat4Components.uasset" 449
"../../Plugins/Runtime/Oculus/OculusVR/Content/Materials/OculusMR_ChromaKey.uasset" 450
"../../Plugins/Runtime/Oculus/OculusVR/Content/Materials/OculusMR_OpaqueColoredMaterial.uasset" 451
"../../Plugins/Runtime/Oculus/OculusVR/Content/Materials/PokeAHoleMaterial.uasset" 452
"../../../Engine/Content/Maps/Entry_BuiltData.uasset" 453
"../../../Engine/Content/Maps/Entry.umap" 454
"../../../../project/TesterProject/Content/Addons/Isometric-Interiors/Textures/Texture_Atlas.uasset" 455
"../../../../project/TesterProject/Content/Addons/Isometric-Interiors/Materials/M_Texture_Atlas.uasset" 456
"../../../../project/TesterProject/Content/Addons/Isometric-Interiors/Meshes/SM_Bottle_1.uasset" 457
"../../../../project/TesterProject/Content/Addons/AdvancedVillagePack/Textures/T_Pack_06_RM.uasset" 458
"../../../../project/TesterProject/Content/Addons/AdvancedVillagePack/Textures/T_Pack_06_N.uasset" 459
"../../../../project/TesterProject/Content/Addons/AdvancedVillagePack/Textures/T_Pack_06_D.uasset" 460
"../../../../project/TesterProject/Content/Addons/AdvancedVillagePack/Textures/T_Pack_03_E.uasset" 461
"../../../../project/TesterProject/Content/Addons/AdvancedVillagePack/Textures/T_Pack_01_RM.uasset" 462
"../../../../project/TesterProject/Content/Addons/AdvancedVillagePack/Textures/T_Pack_01_N.uasset" 463
"../../../../project/TesterProject/Content/Addons/AdvancedVillagePack/Textures/T_Pack_01_D.uasset" 464
"../../../../project/TesterProject/Content/Addons/AdvancedVillagePack/Textures/T_Detail_N.uasset" 465
"../../../../project/TesterProject/Content/Addons/AdvancedVillagePack/Materials/M_Uber.uasset" 466
"../../../../project/TesterProject/Content/Addons/AdvancedVillagePack/Materials/M_Inst_Pack_06.uasset" 467
"../../../../project/TesterProject/Content/Addons/AdvancedVillagePack/Meshes/SM_Treestump_Var01.uasset" 468
"../../../../project/TesterProject/Content/Addons/AdvancedVillagePack/Meshes/SM_Treestump_Var02.uasset" 469
"../../../../project/TesterProject/Content/Addons/AdvancedVillagePack/Textures/T_Pack_02_RM.uasset" 470
"../../../../project/TesterProject/Content/Addons/AdvancedVillagePack/Textures/T_Pack_02_N.uasset" 471
"../../../../project/TesterProject/Content/Addons/AdvancedVillagePack/Textures/T_Pack_02_D.uasset" 472
"../../../../project/TesterProject/Content/Addons/AdvancedVillagePack/Materials/M_Inst_Pack_02.uasset" 473
"../../../../project/TesterProject/Content/Addons/AdvancedVillagePack/Meshes/SM_Watermellon.uasset" 474
"../../../../project/TesterProject/Content/Addons/AdvancedVillagePack/Materials/M_Inst_Pack_01.uasset" 475
"../../../../project/TesterProject/Content/Addons/AdvancedVillagePack/Meshes/SM_Wheel.uasset" 476
"../../../../project/TesterProject/Content/Addons/Isometric-Interiors/Meshes/SM_Couch_2B.uasset" 477
"../../../../project/TesterProject/Content/Addons/Isometric-Interiors/Meshes/SM_Chair_2.uasset" 478
"../../../../project/TesterProject/Content/Maps/GameMap_BuiltData.uasset" 479
"../../../../project/TesterProject/Content/Geometry/Meshes/CubeMaterial.uasset" 480
"../../../../project/TesterProject/Content/Geometry/Meshes/1M_Cube.uasset" 481
"../../../../project/TesterProject/Content/Geometry/Materials/M_Basic_Red.uasset" 482
"../../../../project/TesterProject/Content/Assets/BP_Platform.uasset" 483
"../../../../project/TesterProject/Content/UIs/Images/T_QEKey.uasset" 484
"../../../../project/TesterProject/Content/UIs/Images/T_MouseWheel.uasset" 485
"../../../../project/TesterProject/Content/UIs/Images/T_MouseL.uasset" 486
"../../../../project/TesterProject/Content/UIs/UI_PlayerState.uasset" 487
"../../../../project/TesterProject/Content/UIs/Images/T_SpaceKey.uasset" 488
"../../../../project/TesterProject/Content/UIs/UI_KeyInfo.uasset" 489
"../../../../project/TesterProject/Content/UIs/Images/T_MouseR.uasset" 490
"../../../../project/TesterProject/Content/UIs/UI_MouseInfo.uasset" 491
"../../../Engine/Content/BasicShapes/Cube.uasset" 492
"../../../../project/TesterProject/Content/UIs/BP_Trigger_Widget_Image.uasset" 493
"../../../../project/TesterProject/Content/Maps/AdvancedVillagePack_DemoScene_sharedassets/Layer03_LayerInfo.uasset" 494
"../../../../project/TesterProject/Content/Maps/AdvancedVillagePack_DemoScene_sharedassets/Layer02_LayerInfo.uasset" 495
"../../../../project/TesterProject/Content/Maps/AdvancedVillagePack_DemoScene_sharedassets/Layer01_LayerInfo.uasset" 496
"../../../Engine/Content/Functions/Engine_MaterialFunctions01/Density/ExponentialDensity.uasset" 497
"../../../Engine/Content/Functions/Engine_MaterialFunctions01/Gradient/RadialGradientExponential.uasset" 498
"../../../../project/TesterProject/Content/Character/Misc/M_Cursor_Decal.uasset" 499
"../../../../project/TesterProject/Content/Character/Mannequin/Mesh/SK_Mannequin_PhysicsAsset.uasset" 500
"../../../../project/TesterProject/Content/Character/Mannequin/Textures/T_UE4Logo_N.uasset" 501
"../../../../project/TesterProject/Content/Character/Mannequin/Textures/T_UE4Logo_Mask.uasset" 502
"../../../../project/TesterProject/Content/Character/Mannequin/Textures/T_Male_N.uasset" 503
"../../../../project/TesterProject/Content/Character/Mannequin/Textures/T_Male_Mask.uasset" 504
"../../../../project/TesterProject/Content/Character/Mannequin/Materials/MaterialLayers/T_ML_Rubber_Blue_01_N.uasset" 505
"../../../../project/TesterProject/Content/Character/Mannequin/Materials/MaterialLayers/T_ML_Rubber_Blue_01_D.uasset" 506
"../../../../project/TesterProject/Content/Character/Mannequin/Materials/MaterialLayers/T_ML_Aluminum01_N.uasset" 507
"../../../../project/TesterProject/Content/Character/Mannequin/Materials/MaterialLayers/T_ML_Aluminum01.uasset" 508
"../../../../project/TesterProject/Content/Character/Mannequin/Materials/MaterialLayers/ML_SoftMetal_UE4.uasset" 509
"../../../../project/TesterProject/Content/Character/Mannequin/Materials/MaterialLayers/ML_Plastic_Shiny_Beige_LOGO.uasset" 510
"../../../../project/TesterProject/Content/Character/Mannequin/Materials/MaterialLayers/ML_Plastic_Shiny_Beige.uasset" 511
"../../../../project/TesterProject/Content/Character/Mannequin/Materials/MaterialLayers/ML_GlossyBlack_Latex_UE4.uasset" 512
"../../../Engine/Content/Functions/MaterialLayerFunctions/MatLayerBlend_Simple.uasset" 513
"../../../Engine/Content/Functions/Engine_MaterialFunctions02/Utility/BlendAngleCorrectedNormals.uasset" 514
"../../../Engine/Content/Functions/MaterialLayerFunctions/MatLayerBlend_NormalBlend.uasset" 515
"../../../../project/TesterProject/Content/Character/Mannequin/Materials/M_Male_Body.uasset" 516
"../../../../project/TesterProject/Content/Character/Mannequin/Materials/M_UE4Man_ChestLogo.uasset" 517
"../../../../project/TesterProject/Content/Character/Mannequin/Mesh/UE4_Mannequin_Skeleton.uasset" 518
"../../../../project/TesterProject/Content/Character/Mannequin/Mesh/SK_Mannequin.uasset" 519
"../../../../project/TesterProject/Content/Character/Misc/BP_Interface_TextRender.uasset" 520
"../../../Engine/Content/Animation/DefaultAnimCurveCompressionSettings.uasset" 521
"../../../Engine/Content/Animation/DefaultAnimBoneCompressionSettings.uasset" 522
"../../../../project/TesterProject/Content/Character/Mannequin/Animations/Mannequin_Walk.uasset" 523
"../../../../project/TesterProject/Content/Character/Mannequin/Animations/Mannequin_Run.uasset" 524
"../../../../project/TesterProject/Content/Character/Mannequin/Animations/Mannequin_Idle.uasset" 525
"../../../../project/TesterProject/Content/Character/Mannequin/Animations/Mannequin_IdleRun_2D.uasset" 526
"../../../../project/TesterProject/Content/Character/Mannequin/Animations/Mannequin_JumpStart.uasset" 527
"../../../../project/TesterProject/Content/Character/Mannequin/Animations/Mannequin_JumpLoop.uasset" 528
"../../../../project/TesterProject/Content/Character/Mannequin/Animations/Mannequin_Jump.uasset" 529
"../../../../project/TesterProject/Content/Character/Mannequin/Animations/Mannequin_AnimBP.uasset" 530
"../../../../project/TesterProject/Content/Character/Blueprints/Meshes/BaseMaterial.uasset" 531
"../../../../project/TesterProject/Content/Character/Blueprints/Meshes/MI_Projectile.uasset" 532
"../../../../project/TesterProject/Content/Character/Blueprints/Meshes/M_Projectile.uasset" 533
"../../../../project/TesterProject/Content/Audio/Effect/basketball.uasset" 534
"../../../../project/TesterProject/Content/Character/Blueprints/BP_Projectile.uasset" 535
"../../../../project/TesterProject/Content/Character/Blueprints/BP_TopDownCharacter.uasset" 536
"../../../../project/TesterProject/Content/Character/Blueprints/BP_TopDownController.uasset" 537
"../../../../project/TesterProject/Content/Maps/TopDownGameMode.uasset" 538
"../../../../project/TesterProject/Content/Addons/AdvancedVillagePack/Textures/Effects/T_Water_N.uasset" 539
"../../../../project/TesterProject/Content/Addons/AdvancedVillagePack/Materials/M_Water.uasset" 540
"../../../../project/TesterProject/Content/Geometry/Materials/M_Inst_Portal_Yellow.uasset" 541
"../../../../project/TesterProject/Content/Geometry/Materials/M_Inst_Portal_Red.uasset" 542
"../../../../project/TesterProject/Content/Geometry/Materials/M_Glass.uasset" 543
"../../../../project/TesterProject/Content/Geometry/Materials/CubeMaterial.uasset" 544
"../../../../project/TesterProject/Content/Audio/Music/StrangerSounds.uasset" 545
"../../../../project/TesterProject/Content/Audio/Music/HouseLoop.uasset" 546
"../../../../project/TesterProject/Content/Audio/Effect/write.uasset" 547
"../../../../project/TesterProject/Content/Audio/Trip.uasset" 548
"../../../../project/TesterProject/Content/Audio/Music/shanty-town-loo.uasset" 549
"../../../../project/TesterProject/Content/Audio/Music/rpg-town-loop-2.uasset" 550
"../../../../project/TesterProject/Content/Audio/Music/guitar-loop.uasset" 551
"../../../../project/TesterProject/Content/Audio/Music/comic.uasset" 552
"../../../../project/TesterProject/Content/Audio/Music/80s-mix-loop.uasset" 553
"../../../../project/TesterProject/Content/Geometry/Misc/ST_BuildingMeshType.uasset" 554
"../../../../project/TesterProject/Content/Addons/Isometric-Interiors/Meshes/SM_Wall_4_9.uasset" 555
"../../../../project/TesterProject/Content/Addons/Isometric-Interiors/Meshes/SM_Wall_4_8.uasset" 556
"../../../../project/TesterProject/Content/Addons/Isometric-Interiors/Meshes/SM_Wall_4_7.uasset" 557
"../../../../project/TesterProject/Content/Addons/Isometric-Interiors/Meshes/SM_Wall_4_6.uasset" 558
"../../../../project/TesterProject/Content/Addons/Isometric-Interiors/Meshes/SM_Wall_4_5.uasset" 559
"../../../../project/TesterProject/Content/Addons/Isometric-Interiors/Meshes/SM_Wall_4_4.uasset" 560
"../../../../project/TesterProject/Content/Addons/Isometric-Interiors/Meshes/SM_Wall_4_3.uasset" 561
"../../../../project/TesterProject/Content/Addons/Isometric-Interiors/Meshes/SM_Wall_4_2.uasset" 562
"../../../../project/TesterProject/Content/Addons/Isometric-Interiors/Meshes/SM_Wall_4_14.uasset" 563
"../../../../project/TesterProject/Content/Addons/Isometric-Interiors/Meshes/SM_Wall_4_13.uasset" 564
"../../../../project/TesterProject/Content/Addons/Isometric-Interiors/Meshes/SM_Wall_4_12.uasset" 565
"../../../../project/TesterProject/Content/Addons/Isometric-Interiors/Meshes/SM_Wall_4_11.uasset" 566
"../../../../project/TesterProject/Content/Addons/Isometric-Interiors/Meshes/SM_Wall_4_10.uasset" 567
"../../../../project/TesterProject/Content/Addons/Isometric-Interiors/Meshes/SM_Wall_4_1.uasset" 568
"../../../../project/TesterProject/Content/Addons/Isometric-Interiors/Meshes/SM_Wall_3_9.uasset" 569
"../../../../project/TesterProject/Content/Addons/Isometric-Interiors/Meshes/SM_Wall_3_8.uasset" 570
"../../../../project/TesterProject/Content/Addons/Isometric-Interiors/Meshes/SM_Wall_3_7.uasset" 571
"../../../../project/TesterProject/Content/Addons/Isometric-Interiors/Meshes/SM_Wall_3_6.uasset" 572
"../../../../project/TesterProject/Content/Addons/Isometric-Interiors/Meshes/SM_Wall_3_5.uasset" 573
"../../../../project/TesterProject/Content/Addons/Isometric-Interiors/Meshes/SM_Wall_3_4.uasset" 574
"../../../../project/TesterProject/Content/Addons/Isometric-Interiors/Meshes/SM_Wall_3_3.uasset" 575
"../../../../project/TesterProject/Content/Addons/Isometric-Interiors/Meshes/SM_Wall_3_2.uasset" 576
"../../../../project/TesterProject/Content/Addons/Isometric-Interiors/Meshes/SM_Wall_3_14.uasset" 577
"../../../../project/TesterProject/Content/Addons/Isometric-Interiors/Meshes/SM_Wall_3_13.uasset" 578
"../../../../project/TesterProject/Content/Addons/Isometric-Interiors/Meshes/SM_Wall_3_12.uasset" 579
"../../../../project/TesterProject/Content/Addons/Isometric-Interiors/Meshes/SM_Wall_3_11.uasset" 580
"../../../../project/TesterProject/Content/Addons/Isometric-Interiors/Meshes/SM_Wall_3_10.uasset" 581
"../../../../project/TesterProject/Content/Addons/Isometric-Interiors/Meshes/SM_Wall_3_1.uasset" 582
"../../../../project/TesterProject/Content/Addons/Isometric-Interiors/Meshes/SM_Wall_2_9.uasset" 583
"../../../../project/TesterProject/Content/Addons/Isometric-Interiors/Meshes/SM_Wall_2_8.uasset" 584
"../../../../project/TesterProject/Content/Addons/Isometric-Interiors/Meshes/SM_Wall_2_7.uasset" 585
"../../../../project/TesterProject/Content/Addons/Isometric-Interiors/Meshes/SM_Wall_2_6.uasset" 586
"../../../../project/TesterProject/Content/Addons/Isometric-Interiors/Meshes/SM_Wall_2_5.uasset" 587
"../../../../project/TesterProject/Content/Addons/Isometric-Interiors/Meshes/SM_Wall_2_4.uasset" 588
"../../../../project/TesterProject/Content/Addons/Isometric-Interiors/Meshes/SM_Wall_2_3.uasset" 589
"../../../../project/TesterProject/Content/Addons/Isometric-Interiors/Meshes/SM_Wall_2_2.uasset" 590
"../../../../project/TesterProject/Content/Addons/Isometric-Interiors/Meshes/SM_Wall_2_17.uasset" 591
"../../../../project/TesterProject/Content/Addons/Isometric-Interiors/Meshes/SM_Wall_2_16.uasset" 592
"../../../../project/TesterProject/Content/Addons/Isometric-Interiors/Meshes/SM_Wall_2_15.uasset" 593
"../../../../project/TesterProject/Content/Addons/Isometric-Interiors/Meshes/SM_Wall_2_14.uasset" 594
"../../../../project/TesterProject/Content/Addons/Isometric-Interiors/Meshes/SM_Wall_2_13.uasset" 595
"../../../../project/TesterProject/Content/Addons/Isometric-Interiors/Meshes/SM_Wall_2_12.uasset" 596
"../../../../project/TesterProject/Content/Addons/Isometric-Interiors/Meshes/SM_Wall_2_11.uasset" 597
"../../../../project/TesterProject/Content/Addons/Isometric-Interiors/Meshes/SM_Wall_2_10.uasset" 598
"../../../../project/TesterProject/Content/Addons/Isometric-Interiors/Meshes/SM_Wall_2_1.uasset" 599
"../../../../project/TesterProject/Content/Addons/Isometric-Interiors/Meshes/SM_Wall_1_9.uasset" 600
"../../../../project/TesterProject/Content/Addons/Isometric-Interiors/Meshes/SM_Wall_1_8.uasset" 601
"../../../../project/TesterProject/Content/Addons/Isometric-Interiors/Meshes/SM_Wall_1_7.uasset" 602
"../../../../project/TesterProject/Content/Addons/Isometric-Interiors/Meshes/SM_Wall_1_6.uasset" 603
"../../../../project/TesterProject/Content/Addons/Isometric-Interiors/Meshes/SM_Wall_1_5.uasset" 604
"../../../../project/TesterProject/Content/Addons/Isometric-Interiors/Meshes/SM_Wall_1_4.uasset" 605
"../../../../project/TesterProject/Content/Addons/Isometric-Interiors/Meshes/SM_Wall_1_3.uasset" 606
"../../../../project/TesterProject/Content/Addons/Isometric-Interiors/Meshes/SM_Wall_1_2.uasset" 607
"../../../../project/TesterProject/Content/Addons/Isometric-Interiors/Meshes/SM_Wall_1_17.uasset" 608
"../../../../project/TesterProject/Content/Addons/Isometric-Interiors/Meshes/SM_Wall_1_16.uasset" 609
"../../../../project/TesterProject/Content/Addons/Isometric-Interiors/Meshes/SM_Wall_1_15.uasset" 610
"../../../../project/TesterProject/Content/Addons/Isometric-Interiors/Meshes/SM_Wall_1_14.uasset" 611
"../../../../project/TesterProject/Content/Addons/Isometric-Interiors/Meshes/SM_Wall_1_13.uasset" 612
"../../../../project/TesterProject/Content/Addons/Isometric-Interiors/Meshes/SM_Wall_1_12.uasset" 613
"../../../../project/TesterProject/Content/Addons/Isometric-Interiors/Meshes/SM_Wall_1_11.uasset" 614
"../../../../project/TesterProject/Content/Addons/Isometric-Interiors/Meshes/SM_Wall_1_10.uasset" 615
"../../../../project/TesterProject/Content/Addons/Isometric-Interiors/Meshes/SM_Wall_1_1.uasset" 616
"../../../../project/TesterProject/Content/Geometry/Misc/DT_Building_WallType.uasset" 617
"../../../../project/TesterProject/Content/Addons/Isometric-Interiors/Meshes/SM_Floor_1A.uasset" 618
"../../../../project/TesterProject/Content/Addons/Isometric-Interiors/Meshes/SM_Floor_1B.uasset" 619
"../../../../project/TesterProject/Content/Addons/Isometric-Interiors/Meshes/SM_Floor_2A.uasset" 620
"../../../../project/TesterProject/Content/Addons/Isometric-Interiors/Meshes/SM_Floor_2B.uasset" 621
"../../../../project/TesterProject/Content/Addons/Isometric-Interiors/Meshes/SM_Floor_3A.uasset" 622
"../../../../project/TesterProject/Content/Addons/Isometric-Interiors/Meshes/SM_Floor_3B.uasset" 623
"../../../../project/TesterProject/Content/Addons/Isometric-Interiors/Meshes/SM_Floor_4A.uasset" 624
"../../../../project/TesterProject/Content/Addons/Isometric-Interiors/Meshes/SM_Floor_4B.uasset" 625
"../../../../project/TesterProject/Content/Addons/Isometric-Interiors/Meshes/SM_Floor_5A.uasset" 626
"../../../../project/TesterProject/Content/Addons/Isometric-Interiors/Meshes/SM_Floor_5B.uasset" 627
"../../../../project/TesterProject/Content/Geometry/Misc/DT_Building_FloorType.uasset" 628
"../../../../project/TesterProject/Content/Assets/BP_Room_Base.uasset" 629
"../../../../project/TesterProject/Content/Geometry/Materials/M_Inst_Portal_Purple.uasset" 630
"../../../../project/TesterProject/Content/Addons/AdvancedVillagePack/Textures/T_Pack_08_RM.uasset" 631
"../../../../project/TesterProject/Content/Addons/AdvancedVillagePack/Textures/T_Pack_08_N.uasset" 632
"../../../../project/TesterProject/Content/Addons/AdvancedVillagePack/Textures/T_Pack_08_D.uasset" 633
"../../../../project/TesterProject/Content/Addons/AdvancedVillagePack/Materials/M_Inst_Pack_08.uasset" 634
"../../../../project/TesterProject/Content/Addons/AdvancedVillagePack/Meshes/SM_Stone_Big_Var05.uasset" 635
"../../../../project/TesterProject/Content/Addons/AdvancedVillagePack/Meshes/SM_Stone_Big_Var04.uasset" 636
"../../../../project/TesterProject/Content/Addons/AdvancedVillagePack/Meshes/SM_Stone_Big_Var03.uasset" 637
"../../../../project/TesterProject/Content/Addons/AdvancedVillagePack/Meshes/SM_Stone_Big_Var02.uasset" 638
"../../../../project/TesterProject/Content/Addons/AdvancedVillagePack/Meshes/SM_Stone_Big_Var01.uasset" 639
"../../../../project/TesterProject/Content/Assets/BP_Portal_Time.uasset" 640
"../../../../project/TesterProject/Content/UIs/UI_ResetTimer.uasset" 641
"../../../../project/TesterProject/Content/Assets/BP_Portal_Reset.uasset" 642
"../../../../project/TesterProject/Content/Character/Mannequin/Mesh/SK_Mannequin_Female_PhysicsAsset.uasset" 643
"../../../../project/TesterProject/Content/Character/Mannequin/Textures/T_Female_N.uasset" 644
"../../../../project/TesterProject/Content/Character/Mannequin/Textures/T_Female_Mask.uasset" 645
"../../../../project/TesterProject/Content/Character/Mannequin/Materials/MI_Female_Body.uasset" 646
"../../../../project/TesterProject/Content/Character/Mannequin/Mesh/SK_Mannequin_Female.uasset" 647
"../../../../project/TesterProject/Content/Assets/BP_NPC.uasset" 648
"../../../../project/TesterProject/Content/Geometry/Misc/ST_CelShaderType.uasset" 649
"../../../../project/TesterProject/Content/Addons/AdvancedCelShader/CelShader/Textures/sketch_mask_2.uasset" 650
"../../../../project/TesterProject/Content/Addons/AdvancedCelShader/CelShader/MaterialFunctions/EdgeDetectDepthv2.uasset" 651
"../../../../project/TesterProject/Content/Addons/AdvancedCelShader/CelShader/MaterialFunctions/EdgeDetectColourv2.uasset" 652
"../../../../project/TesterProject/Content/Addons/AdvancedCelShader/CelShader/MaterialFunctions/Posterize.uasset" 653
"../../../Engine/Content/Functions/Engine_MaterialFunctions02/Math/AddComponents.uasset" 654
"../../../../project/TesterProject/Content/Addons/AdvancedCelShader/CelShader/MaterialFunctions/CelPosterize.uasset" 655
"../../../Engine/Content/Functions/Engine_MaterialFunctions01/Gradient/LinearGradient.uasset" 656
"../../../Engine/Content/Functions/Engine_MaterialFunctions01/ImageAdjustment/CheapContrast.uasset" 657
"../../../Engine/Content/Functions/Engine_MaterialFunctions02/Texturing/WorldPositionWithScale.uasset" 658
"../../../../project/TesterProject/Content/Addons/AdvancedCelShader/CelShader/Materials/CelShaderV2.uasset" 659
"../../../../project/TesterProject/Content/Addons/AdvancedCelShader/CelShader/PresetsV2/CelShaderV2_Radioactive.uasset" 660
"../../../../project/TesterProject/Content/Addons/AdvancedCelShader/CelShader/PresetsV2/CelShaderV2_CleanComic.uasset" 661
"../../../../project/TesterProject/Content/Addons/AdvancedCelShader/CelShader/Textures/watercolour_texture.uasset" 662
"../../../../project/TesterProject/Content/Addons/AdvancedCelShader/CelShader/Textures/spatter.uasset" 663
"../../../../project/TesterProject/Content/Addons/AdvancedCelShader/CelShader/Textures/PrintDots.uasset" 664
"../../../../project/TesterProject/Content/Addons/AdvancedCelShader/CelShader/MaterialFunctions/Slider.uasset" 665
"../../../../project/TesterProject/Content/Addons/AdvancedCelShader/CelShader/MaterialFunctions/SkyMask.uasset" 666
"../../../../project/TesterProject/Content/Addons/AdvancedCelShader/CelShader/MaterialFunctions/PixellateUVs.uasset" 667
"../../../../project/TesterProject/Content/Addons/AdvancedCelShader/CelShader/MaterialFunctions/OuterShadow.uasset" 668
"../../../../project/TesterProject/Content/Addons/AdvancedCelShader/CelShader/MaterialFunctions/MaskSky.uasset" 669
"../../../../project/TesterProject/Content/Addons/AdvancedCelShader/CelShader/MaterialFunctions/InnerShadow.uasset" 670
"../../../../project/TesterProject/Content/Addons/AdvancedCelShader/CelShader/MaterialFunctions/EdgeDetectDepth.uasset" 671
"../../../../project/TesterProject/Content/Addons/AdvancedCelShader/CelShader/MaterialFunctions/EdgeDetectColour.uasset" 672
"../../../../project/TesterProject/Content/Addons/AdvancedCelShader/CelShader/MaterialFunctions/DepthMask.uasset" 673
"../../../../project/TesterProject/Content/Addons/AdvancedCelShader/CelShader/MaterialFunctions/CustomBlur2.uasset" 674
"../../../../project/TesterProject/Content/Addons/AdvancedCelShader/CelShader/MaterialFunctions/CustomBlur1.uasset" 675
"../../../Engine/Content/Functions/Engine_MaterialFunctions03/Blends/Blend_Difference.uasset" 676
"../../../Engine/Content/Functions/Engine_MaterialFunctions01/ImageAdjustment/SCurve.uasset" 677
"../../../Engine/Content/MapTemplates/TilingNoise05.uasset" 678
"../../../Engine/Content/Functions/Engine_MaterialFunctions01/Texturing/TriplanarCameraVector.uasset" 679
"../../../../project/TesterProject/Content/Addons/AdvancedCelShader/CelShader/Materials/CelShader.uasset" 680
"../../../../project/TesterProject/Content/Addons/AdvancedCelShader/CelShader/Presets/CelShaderWindWalker.uasset" 681
"../../../../project/TesterProject/Content/Addons/AdvancedCelShader/CelShader/Textures/flatwhite.uasset" 682
"../../../../project/TesterProject/Content/Addons/AdvancedCelShader/CelShader/Textures/brushstrokes.uasset" 683
"../../../../project/TesterProject/Content/Addons/AdvancedCelShader/CelShader/Presets/CelShaderWatercolour.uasset" 684
"../../../../project/TesterProject/Content/Addons/AdvancedCelShader/CelShader/Presets/CelShaderVoltron.uasset" 685
"../../../../project/TesterProject/Content/Addons/AdvancedCelShader/CelShader/Textures/paint_normal_normal.uasset" 686
"../../../../project/TesterProject/Content/Addons/AdvancedCelShader/CelShader/Presets/CelShaderTrip.uasset" 687
"../../../../project/TesterProject/Content/Addons/AdvancedCelShader/CelShader/Presets/CelShaderParchment.uasset" 688
"../../../../project/TesterProject/Content/Addons/AdvancedCelShader/CelShader/Presets/CelShaderNewsprint.uasset" 689
"../../../../project/TesterProject/Content/Addons/AdvancedCelShader/CelShader/MaterialFunctions/EdgeDetectDepthForward.uasset" 690
"../../../../project/TesterProject/Content/Addons/AdvancedCelShader/CelShader/MaterialFunctions/EdgeDetectColourForward.uasset" 691
"../../../../project/TesterProject/Content/Addons/AdvancedCelShader/CelShader/MaterialFunctions/PosterizeForward.uasset" 692
"../../../../project/TesterProject/Content/Addons/AdvancedCelShader/CelShader/MaterialFunctions/CelPosterizeForward.uasset" 693
"../../../Engine/Content/Functions/Engine_MaterialFunctions01/ImageAdjustment/BlurSampleOffsets.uasset" 694
"../../../../project/TesterProject/Content/Addons/AdvancedCelShader/CelShader/Materials/CelShaderForward.uasset" 695
"../../../../project/TesterProject/Content/Addons/AdvancedCelShader/CelShader/Presets/CelShaderForwardDefault.uasset" 696
"../../../../project/TesterProject/Content/Addons/AdvancedCelShader/CelShader/Textures/burlap.uasset" 697
"../../../../project/TesterProject/Content/Addons/AdvancedCelShader/CelShader/Presets/CelShaderColouredPencil.uasset" 698
"../../../../project/TesterProject/Content/Addons/AdvancedCelShader/CelShader/Presets/CelShaderAnime.uasset" 699
"../../../../project/TesterProject/Content/Addons/AdvancedCelShader/CelShader/Presets/CelShaderAgedComic.uasset" 700
"../../../../project/TesterProject/Content/Addons/AdvancedCelShader/CelShader/Presets/CelShader80sCartoon.uasset" 701
"../../../../project/TesterProject/Content/Geometry/Misc/DT_CelShader.uasset" 702
"../../../../project/TesterProject/Content/Audio/Effect/squash2.uasset" 703
"../../../../project/TesterProject/Content/Audio/Effect/squash.uasset" 704
"../../../../project/TesterProject/Content/Addons/AdvancedVillagePack/Meshes/SM_Pumpkin_Var03.uasset" 705
"../../../../project/TesterProject/Content/Addons/AdvancedVillagePack/Meshes/SM_Pumpkin_Var02.uasset" 706
"../../../../project/TesterProject/Content/Addons/AdvancedVillagePack/Meshes/SM_Pumpkin_Var01.uasset" 707
"../../../../project/TesterProject/Content/Assets/BP_Collectable_Pumpkin.uasset" 708
"../../../../project/TesterProject/Content/Geometry/Materials/M_AssetPlatform.uasset" 709
"../../../../project/TesterProject/Content/Assets/BP_Balling.uasset" 710
"../../../../project/TesterProject/Content/Addons/Isometric-Interiors/Meshes/SM_Fan.uasset" 711
"../../../../project/TesterProject/Content/Addons/Isometric-Interiors/Meshes/SM_Lamp_1A.uasset" 712
"../../../../project/TesterProject/Content/Addons/AdvancedVillagePack/Textures/T_Pack_09_RM.uasset" 713
"../../../../project/TesterProject/Content/Addons/AdvancedVillagePack/Textures/T_Pack_09_N.uasset" 714
"../../../../project/TesterProject/Content/Addons/AdvancedVillagePack/Textures/T_Pack_09_E.uasset" 715
"../../../../project/TesterProject/Content/Addons/AdvancedVillagePack/Textures/T_Pack_09_D.uasset" 716
"../../../../project/TesterProject/Content/Addons/AdvancedVillagePack/Materials/M_Inst_Pack_09.uasset" 717
"../../../../project/TesterProject/Content/Addons/AdvancedVillagePack/Textures/T_Pack_05_RM.uasset" 718
"../../../../project/TesterProject/Content/Addons/AdvancedVillagePack/Textures/T_Pack_05_N.uasset" 719
"../../../../project/TesterProject/Content/Addons/AdvancedVillagePack/Textures/T_Pack_05_E.uasset" 720
"../../../../project/TesterProject/Content/Addons/AdvancedVillagePack/Textures/T_Pack_05_D.uasset" 721
"../../../../project/TesterProject/Content/Addons/AdvancedVillagePack/Materials/M_Inst_Pack_05.uasset" 722
"../../../../project/TesterProject/Content/Addons/AdvancedVillagePack/Textures/T_Pack_04_RM.uasset" 723
"../../../../project/TesterProject/Content/Addons/AdvancedVillagePack/Textures/T_Pack_04_N.uasset" 724
"../../../../project/TesterProject/Content/Addons/AdvancedVillagePack/Textures/T_Pack_04_E.uasset" 725
"../../../../project/TesterProject/Content/Addons/AdvancedVillagePack/Textures/T_Pack_04_D.uasset" 726
"../../../../project/TesterProject/Content/Addons/AdvancedVillagePack/Materials/M_Inst_Pack_04.uasset" 727
"../../../../project/TesterProject/Content/Addons/AdvancedVillagePack/Textures/T_Pack_03_RM.uasset" 728
"../../../../project/TesterProject/Content/Addons/AdvancedVillagePack/Textures/T_Pack_03_N.uasset" 729
"../../../../project/TesterProject/Content/Addons/AdvancedVillagePack/Textures/T_Pack_03_D.uasset" 730
"../../../../project/TesterProject/Content/Addons/AdvancedVillagePack/Materials/M_Inst_Pack_03.uasset" 731
"../../../../project/TesterProject/Content/Addons/AdvancedVillagePack/Meshes/SM_Stonepath_Var03.uasset" 732
"../../../../project/TesterProject/Content/Addons/AdvancedVillagePack/Meshes/SM_Stonepath_Var02.uasset" 733
"../../../../project/TesterProject/Content/Addons/AdvancedVillagePack/Meshes/SM_Stonepath_Var01.uasset" 734
"../../../../project/TesterProject/Content/Addons/AdvancedVillagePack/Meshes/SM_Sack_Var02.uasset" 735
"../../../../project/TesterProject/Content/Addons/AdvancedVillagePack/Meshes/SM_Sack_Var01.uasset" 736
"../../../../project/TesterProject/Content/Addons/AdvancedVillagePack/Meshes/SM_Sack_Potato.uasset" 737
"../../../../project/TesterProject/Content/Addons/AdvancedVillagePack/Meshes/SM_Sack_Flour.uasset" 738
"../../../../project/TesterProject/Content/Addons/AdvancedVillagePack/Meshes/SM_SackWithPotatoes.uasset" 739
"../../../../project/TesterProject/Content/Addons/AdvancedVillagePack/Meshes/SM_SackWithApples.uasset" 740
"../../../../project/TesterProject/Content/Addons/AdvancedVillagePack/Meshes/SM_Pot_Var06.uasset" 741
"../../../../project/TesterProject/Content/Addons/AdvancedVillagePack/Meshes/SM_Pot_Var05.uasset" 742
"../../../../project/TesterProject/Content/Addons/AdvancedVillagePack/Meshes/SM_Pot_Var03.uasset" 743
"../../../../project/TesterProject/Content/Addons/AdvancedVillagePack/Meshes/SM_Pot_Var02.uasset" 744
"../../../../project/TesterProject/Content/Addons/AdvancedVillagePack/Meshes/SM_Pot_Var01.uasset" 745
"../../../../project/TesterProject/Content/Addons/AdvancedVillagePack/Meshes/SM_Potato.uasset" 746
"../../../../project/TesterProject/Content/Addons/AdvancedVillagePack/Meshes/SM_Plant.uasset" 747
"../../../../project/TesterProject/Content/Addons/AdvancedVillagePack/Meshes/SM_Pitchfork.uasset" 748
"../../../../project/TesterProject/Content/Addons/AdvancedVillagePack/Meshes/SM_Log_Var04.uasset" 749
"../../../../project/TesterProject/Content/Addons/AdvancedVillagePack/Meshes/SM_Logs_Var02.uasset" 750
"../../../../project/TesterProject/Content/Addons/AdvancedVillagePack/Meshes/SM_Logs_Var01.uasset" 751
"../../../../project/TesterProject/Content/Addons/AdvancedVillagePack/Textures/T_Pack_06_O.uasset" 752
"../../../../project/TesterProject/Content/Addons/AdvancedVillagePack/Materials/M_Uber_Cutout.uasset" 753
"../../../../project/TesterProject/Content/Addons/AdvancedVillagePack/Materials/M_Inst_Pack_06_Cutout.uasset" 754
"../../../../project/TesterProject/Content/Addons/AdvancedVillagePack/Meshes/SM_Hay_Stack.uasset" 755
"../../../../project/TesterProject/Content/Addons/AdvancedVillagePack/Meshes/SM_Hay_Small_Var02.uasset" 756
"../../../../project/TesterProject/Content/Addons/AdvancedVillagePack/Meshes/SM_Hay_Small_Var01.uasset" 757
"../../../../project/TesterProject/Content/Addons/AdvancedVillagePack/Textures/Landscape/T_Foliage_Var03_O.uasset" 758
"../../../../project/TesterProject/Content/Addons/AdvancedVillagePack/Textures/Landscape/T_Foliage_Var03_D.uasset" 759
"../../../../project/TesterProject/Content/Addons/AdvancedVillagePack/Textures/T_Pack_TreeLeafs_N.uasset" 760
"../../../../project/TesterProject/Content/Addons/AdvancedVillagePack/Textures/Landscape/T_Foliage_Var01_O.uasset" 761
"../../../../project/TesterProject/Content/Addons/AdvancedVillagePack/Textures/Landscape/T_Foliage_Var01_D.uasset" 762
"../../../../project/TesterProject/Content/Addons/AdvancedVillagePack/Materials/M_Simple_Cutout_Wind.uasset" 763
"../../../../project/TesterProject/Content/Addons/AdvancedVillagePack/Materials/M_Inst_Landscape_Foliage_Var03.uasset" 764
"../../../../project/TesterProject/Content/Addons/AdvancedVillagePack/Meshes/SM_GrassPatch_Var03.uasset" 765
"../../../../project/TesterProject/Content/Addons/AdvancedVillagePack/Meshes/SM_Fence_Var04.uasset" 766
"../../../../project/TesterProject/Content/Addons/AdvancedVillagePack/Meshes/SM_Fence_Var03.uasset" 767
"../../../../project/TesterProject/Content/Addons/AdvancedVillagePack/Meshes/SM_Fence_Var02.uasset" 768
"../../../../project/TesterProject/Content/Addons/AdvancedVillagePack/Meshes/SM_Fence_Var01.uasset" 769
"../../../../project/TesterProject/Content/Addons/AdvancedVillagePack/Meshes/SM_Crate_Open.uasset" 770
"../../../../project/TesterProject/Content/Addons/AdvancedVillagePack/Meshes/SM_Crate_Closed.uasset" 771
"../../../../project/TesterProject/Content/Addons/AdvancedVillagePack/Meshes/SM_Cart_Var02.uasset" 772
"../../../../project/TesterProject/Content/Addons/AdvancedVillagePack/Meshes/SM_Cart_Var01.uasset" 773
"../../../../project/TesterProject/Content/Addons/AdvancedVillagePack/Meshes/SM_Bucket.uasset" 774
"../../../../project/TesterProject/Content/Addons/AdvancedVillagePack/Meshes/SM_Bridge_Var04.uasset" 775
"../../../../project/TesterProject/Content/Addons/AdvancedVillagePack/Textures/T_Pack_07_RM.uasset" 776
"../../../../project/TesterProject/Content/Addons/AdvancedVillagePack/Textures/T_Pack_07_N.uasset" 777
"../../../../project/TesterProject/Content/Addons/AdvancedVillagePack/Textures/T_Pack_07_D.uasset" 778
"../../../../project/TesterProject/Content/Addons/AdvancedVillagePack/Materials/M_Inst_Pack_07.uasset" 779
"../../../../project/TesterProject/Content/Addons/AdvancedVillagePack/Meshes/SM_Bridge_Var03.uasset" 780
"../../../../project/TesterProject/Content/Addons/AdvancedVillagePack/Meshes/SM_Bridge_Var02.uasset" 781
"../../../../project/TesterProject/Content/Addons/AdvancedVillagePack/Meshes/SM_Bridge_Var01.uasset" 782
"../../../../project/TesterProject/Content/Addons/AdvancedVillagePack/Meshes/SM_Boat.uasset" 783
"../../../../project/TesterProject/Content/Addons/AdvancedVillagePack/Meshes/SM_Barrel.uasset" 784
"../../../../project/TesterProject/Content/Addons/AdvancedVillagePack/Meshes/SM_Axe.uasset" 785
"../../../../project/TesterProject/Content/Addons/AdvancedVillagePack/Meshes/SM_Apple.uasset" 786
"../../../../project/TesterProject/Content/Addons/AdvancedVillagePack/Meshes/SM_Cauldron.uasset" 787
"../../../../project/TesterProject/Content/Addons/AdvancedVillagePack/Blueprints/Misc/BP_Interface_OnDayOnNight.uasset" 788
"../../../../project/TesterProject/Content/Addons/AdvancedVillagePack/Meshes/SM_Stone_Small_Var05.uasset" 789
"../../../../project/TesterProject/Content/Addons/AdvancedVillagePack/Meshes/SM_Stone_Small_Var04.uasset" 790
"../../../../project/TesterProject/Content/Addons/AdvancedVillagePack/Meshes/SM_Stone_Small_Var03.uasset" 791
"../../../../project/TesterProject/Content/Addons/AdvancedVillagePack/Meshes/SM_Stone_Small_Var02.uasset" 792
"../../../../project/TesterProject/Content/Addons/AdvancedVillagePack/Meshes/SM_Stone_Small_Var01.uasset" 793
"../../../../project/TesterProject/Content/Addons/AdvancedVillagePack/Meshes/SM_Spike.uasset" 794
"../../../../project/TesterProject/Content/Addons/AdvancedVillagePack/Meshes/SM_Log_Var03.uasset" 795
"../../../../project/TesterProject/Content/Addons/AdvancedVillagePack/Meshes/SM_Log_Var02.uasset" 796
"../../../../project/TesterProject/Content/Addons/AdvancedVillagePack/Meshes/SM_Log_Var01.uasset" 797
"../../../../project/TesterProject/Content/Addons/AdvancedVillagePack/Textures/Effects/T_Pfx_Smoke.uasset" 798
"../../../../project/TesterProject/Content/Addons/AdvancedVillagePack/Textures/T_Pack_11_Leafs_DO.uasset" 799
"../../../../project/TesterProject/Content/Addons/AdvancedVillagePack/Materials/M_Pfx_TranslucentLit.uasset" 800
"../../../../project/TesterProject/Content/Addons/AdvancedVillagePack/Materials/M_Inst_Pfx_SmokeChimney.uasset" 801
"../../../../project/TesterProject/Content/Addons/AdvancedVillagePack/Effects/Pfx_SmokeFireCamp.uasset" 802
"../../../../project/TesterProject/Content/Addons/AdvancedVillagePack/Textures/Effects/T_Pfx_Spark.uasset" 803
"../../../../project/TesterProject/Content/Addons/AdvancedVillagePack/Materials/M_Pfx_Additive.uasset" 804
"../../../../project/TesterProject/Content/Addons/AdvancedVillagePack/Materials/M_Inst_Pfx_Sparks.uasset" 805
"../../../../project/TesterProject/Content/Addons/AdvancedVillagePack/Effects/Pfx_LightInsectsCampFire.uasset" 806
"../../../../project/TesterProject/Content/Addons/AdvancedVillagePack/Textures/Effects/T_Pfx_FlamesAtlas.uasset" 807
"../../../../project/TesterProject/Content/Addons/AdvancedVillagePack/Materials/M_Inst_Pfx_Flames.uasset" 808
"../../../../project/TesterProject/Content/Addons/AdvancedVillagePack/Effects/Pfx_FireCamp.uasset" 809
"../../../../project/TesterProject/Content/Addons/AdvancedVillagePack/Blueprints/BP_Camp_OnDayOnNight.uasset" 810
"../../../../project/TesterProject/Content/Addons/AdvancedVillagePack/Blueprints/BP_CampFire_Only.uasset" 811
"../../../../project/TesterProject/Content/Addons/AdvancedVillagePack/Meshes/SM_Fish.uasset" 812
"../../../../project/TesterProject/Content/Addons/AdvancedVillagePack/Blueprints/BP_CampFire.uasset" 813
"../../../../project/TesterProject/Content/Addons/AdvancedCelShader/Water/Textures/ocean_normal.uasset" 814
"../../../../project/TesterProject/Content/Addons/AdvancedCelShader/Water/Textures/foam2.uasset" 815
"../../../Engine/Content/Functions/Engine_MaterialFunctions02/SplitComponents.uasset" 816
"../../../Engine/Content/Functions/Engine_MaterialFunctions02/Utility/LinearSine.uasset" 817
"../../../../project/TesterProject/Content/Addons/AdvancedCelShader/Water/Textures/Ripple.uasset" 818
"../../../../project/TesterProject/Content/Addons/AdvancedCelShader/Landscape/Textures/water_bump2.uasset" 819
"../../../../project/TesterProject/Content/Addons/AdvancedCelShader/Landscape/Textures/water_bump.uasset" 820
"../../../Engine/Content/Functions/Engine_MaterialFunctions03/Blends/Blend_Overlay.uasset" 821
"../../../../project/TesterProject/Content/Addons/AdvancedCelShader/Water/Materials/CartoonWater.uasset" 822
"../../../../project/TesterProject/Content/Addons/AdvancedVillagePack/Textures/Landscape/T_Landscape_Soil_N.uasset" 823
"../../../../project/TesterProject/Content/Addons/AdvancedVillagePack/Textures/Landscape/T_Landscape_Soil_DH.uasset" 824
"../../../../project/TesterProject/Content/Addons/AdvancedVillagePack/Textures/Landscape/T_Landscape_Pebbles_N.uasset" 825
"../../../../project/TesterProject/Content/Addons/AdvancedVillagePack/Textures/Landscape/T_Landscape_Pebbles_DH.uasset" 826
"../../../../project/TesterProject/Content/Addons/AdvancedVillagePack/Textures/Landscape/T_Landscape_Grass_N.uasset" 827
"../../../../project/TesterProject/Content/Addons/AdvancedVillagePack/Textures/Landscape/T_Landscape_Grass_DH.uasset" 828
"../../../Engine/Content/EngineMaterials/WeightMapPlaceholderTexture.uasset" 829
"../../../../project/TesterProject/Content/Addons/AdvancedVillagePack/Materials/M_Landscape.uasset" 830
"../../../../project/TesterProject/Content/Addons/AdvancedVillagePack/Blueprints/Misc/BP_Misc_DayNight_Cycle.uasset" 831
"../../../../project/TesterProject/Content/Addons/AdvancedVillagePack/Textures/Landscape/T_Foliage_Var02_O.uasset" 832
"../../../../project/TesterProject/Content/Addons/AdvancedVillagePack/Textures/Landscape/T_Foliage_Var02_D.uasset" 833
"../../../../project/TesterProject/Content/Addons/AdvancedVillagePack/Materials/M_Inst_Landscape_Foliage_Var02.uasset" 834
"../../../../project/TesterProject/Content/Addons/AdvancedVillagePack/Meshes/SM_GrassPatch_Var02.uasset" 835
"../../../../project/TesterProject/Content/Addons/AdvancedVillagePack/Textures/T_Pack_TreeLeafs_RM.uasset" 836
"../../../../project/TesterProject/Content/Addons/AdvancedVillagePack/Textures/T_Pack_TreeLeafs_O.uasset" 837
"../../../../project/TesterProject/Content/Addons/AdvancedVillagePack/Textures/T_Pack_TreeLeafs_Mask.uasset" 838
"../../../../project/TesterProject/Content/Addons/AdvancedVillagePack/Textures/T_Pack_TreeLeafs_D.uasset" 839
"../../../../project/TesterProject/Content/Addons/AdvancedVillagePack/Materials/M_Uber_Cutout_Wind.uasset" 840
"../../../../project/TesterProject/Content/Addons/AdvancedVillagePack/Materials/M_Inst_Landscape_Foliage_Var01.uasset" 841
"../../../../project/TesterProject/Content/Addons/AdvancedVillagePack/Meshes/SM_GrassPatch_Var01.uasset" 842
"../../../../project/TesterProject/Content/Addons/AdvancedVillagePack/Meshes/SM_Flower_Var06.uasset" 843
"../../../../project/TesterProject/Content/Addons/AdvancedVillagePack/Meshes/SM_Flower_Var05.uasset" 844
"../../../../project/TesterProject/Content/Addons/AdvancedVillagePack/Meshes/SM_Flower_Var04.uasset" 845
"../../../../project/TesterProject/Content/Addons/AdvancedVillagePack/Meshes/SM_Flower_Var03.uasset" 846
"../../../../project/TesterProject/Content/Addons/AdvancedVillagePack/Meshes/SM_Flower_Var02.uasset" 847
"../../../../project/TesterProject/Content/Addons/AdvancedVillagePack/Meshes/SM_Flower_Var01.uasset" 848
"../../../../project/TesterProject/Content/Addons/AdvancedVillagePack/Meshes/SM_Well_Extra04.uasset" 849
"../../../../project/TesterProject/Content/Addons/AdvancedVillagePack/Meshes/SM_Well_Extra03.uasset" 850
"../../../../project/TesterProject/Content/Addons/AdvancedVillagePack/Meshes/SM_Well_Extra02.uasset" 851
"../../../../project/TesterProject/Content/Addons/AdvancedVillagePack/Meshes/SM_Well_Extra01.uasset" 852
"../../../../project/TesterProject/Content/Addons/AdvancedVillagePack/Meshes/SM_Well.uasset" 853
"../../../../project/TesterProject/Content/Addons/AdvancedVillagePack/Blueprints/BP_Well.uasset" 854
"../../../../project/TesterProject/Content/Addons/AdvancedVillagePack/Textures/T_Pack_TreeTrunks_RM.uasset" 855
"../../../../project/TesterProject/Content/Addons/AdvancedVillagePack/Textures/T_Pack_TreeTrunks_N.uasset" 856
"../../../../project/TesterProject/Content/Addons/AdvancedVillagePack/Textures/T_Pack_TreeTrunks_D.uasset" 857
"../../../../project/TesterProject/Content/Addons/AdvancedVillagePack/Materials/M_Inst_TreeTrunks.uasset" 858
"../../../../project/TesterProject/Content/Addons/AdvancedVillagePack/Materials/M_Inst_TreeLeafs.uasset" 859
"../../../../project/TesterProject/Content/Addons/AdvancedVillagePack/Meshes/SM_Tree_Var05.uasset" 860
"../../../../project/TesterProject/Content/Addons/AdvancedVillagePack/Meshes/SM_Tree_Var04.uasset" 861
"../../../../project/TesterProject/Content/Addons/AdvancedVillagePack/Meshes/SM_Tree_Var03.uasset" 862
"../../../../project/TesterProject/Content/Addons/AdvancedVillagePack/Meshes/SM_Tree_Var02.uasset" 863
"../../../../project/TesterProject/Content/Addons/AdvancedVillagePack/Meshes/SM_Tree_Var01.uasset" 864
"../../../../project/TesterProject/Content/Addons/AdvancedVillagePack/Meshes/SM_StreetLight.uasset" 865
"../../../../project/TesterProject/Content/Addons/AdvancedVillagePack/Effects/Pfx_LightInsects.uasset" 866
"../../../../project/TesterProject/Content/Addons/AdvancedVillagePack/Blueprints/BP_Street_Lamp_OnDayOnNight.uasset" 867
"../../../../project/TesterProject/Content/Addons/AdvancedVillagePack/Effects/Pfx_FireTorch.uasset" 868
"../../../../project/TesterProject/Content/Addons/AdvancedVillagePack/Meshes/SM_House_Var02_Extra.uasset" 869
"../../../../project/TesterProject/Content/Addons/AdvancedVillagePack/Meshes/SM_House_Var02.uasset" 870
"../../../../project/TesterProject/Content/Addons/AdvancedVillagePack/Meshes/SM_Torch_Var02.uasset" 871
"../../../../project/TesterProject/Content/Addons/AdvancedVillagePack/Meshes/SM_House_Var01_Extra08.uasset" 872
"../../../../project/TesterProject/Content/Addons/AdvancedVillagePack/Effects/Pfx_SmokeChimney.uasset" 873
"../../../../project/TesterProject/Content/Addons/AdvancedVillagePack/Blueprints/BP_House_Var02_OnDayOnNight.uasset" 874
"../../../../project/TesterProject/Content/Addons/AdvancedVillagePack/Meshes/SM_House_Var01_Extra07.uasset" 875
"../../../../project/TesterProject/Content/Addons/AdvancedVillagePack/Meshes/SM_House_Var01_Extra06.uasset" 876
"../../../../project/TesterProject/Content/Addons/AdvancedVillagePack/Meshes/SM_House_Var01_Extra05.uasset" 877
"../../../../project/TesterProject/Content/Addons/AdvancedVillagePack/Meshes/SM_House_Var01_Extra04.uasset" 878
"../../../../project/TesterProject/Content/Addons/AdvancedVillagePack/Meshes/SM_House_Var01_Extra03.uasset" 879
"../../../../project/TesterProject/Content/Addons/AdvancedVillagePack/Meshes/SM_House_Var01_Extra02.uasset" 880
"../../../../project/TesterProject/Content/Addons/AdvancedVillagePack/Meshes/SM_House_Var01_Extra01.uasset" 881
"../../../../project/TesterProject/Content/Addons/AdvancedVillagePack/Meshes/SM_House_Var01.uasset" 882
"../../../../project/TesterProject/Content/Addons/AdvancedVillagePack/Blueprints/BP_House_Var01_OnDayOnNight.uasset" 883
"../../../Engine/Content/BasicShapes/Plane.uasset" 884
"../../../../project/TesterProject/Content/Maps/GameMap.umap" 885
